#
# There is insufficient memory for the Java Runtime Environment to continue.
# Native memory allocation (malloc) failed to allocate 236032 bytes for Chunk::new
# Possible reasons:
#   The system is out of physical RAM or swap space
#   The process is running with CompressedOops enabled, and the Java Heap may be blocking the growth of the native heap
# Possible solutions:
#   Reduce memory load on the system
#   Increase physical memory or swap space
#   Check if swap backing store is full
#   Decrease Java heap size (-Xmx/-Xms)
#   Decrease number of Java threads
#   Decrease Java thread stack sizes (-Xss)
#   Set larger code cache with -XX:ReservedCodeCacheSize=
#   JVM is running with Unscaled Compressed Oops mode in which the Java heap is
#     placed in the first 4GB address space. The Java Heap base address is the
#     maximum limit for the native heap growth. Please use -XX:HeapBaseMinAddress
#     to set the Java Heap base and to place the Java Heap above 4GB virtual address.
# This output file may be truncated or incomplete.
#
#  Out of Memory Error (arena.cpp:191), pid=11232, tid=12232
#
# JRE version: OpenJDK Runtime Environment Temurin-17.0.10+7 (17.0.10+7) (build 17.0.10+7)
# Java VM: OpenJDK 64-Bit Server VM Temurin-17.0.10+7 (17.0.10+7, mixed mode, tiered, compressed oops, compressed class ptrs, parallel gc, windows-amd64)
# No core dump will be written. Minidumps are not enabled by default on client versions of Windows
#

---------------  S U M M A R Y ------------

Command Line: --add-modules=ALL-SYSTEM --add-opens=java.base/java.util=ALL-UNNAMED --add-opens=java.base/java.lang=ALL-UNNAMED --add-opens=java.base/sun.nio.fs=ALL-UNNAMED -Declipse.application=org.eclipse.jdt.ls.core.id1 -Dosgi.bundles.defaultStartLevel=4 -Declipse.product=org.eclipse.jdt.ls.core.product -Djava.import.generatesMetadataFilesAtProjectRoot=false -DDetectVMInstallationsJob.disabled=true -Dfile.encoding=utf8 -XX:+UseParallelGC -XX:GCTimeRatio=4 -XX:AdaptiveSizePolicyWeight=90 -Dsun.zip.disableMemoryMapping=true -Xmx1G -Xms100m -Xlog:disable -javaagent:c:\Users\samue\.vscode\extensions\redhat.java-1.27.0-win32-x64\lombok\lombok-1.18.31.jar -XX:+HeapDumpOnOutOfMemoryError -XX:HeapDumpPath=c:\Users\samue\AppData\Roaming\Code\User\workspaceStorage\6b0196b0afac6ad76408e048f707e615\redhat.java -Daether.dependencyCollector.impl=bf c:\Users\samue\.vscode\extensions\redhat.java-1.27.0-win32-x64\server\plugins\org.eclipse.equinox.launcher_1.6.700.v20231214-2017.jar -configuration c:\Users\samue\AppData\Roaming\Code\User\globalStorage\redhat.java\1.27.0\config_win -data c:\Users\samue\AppData\Roaming\Code\User\workspaceStorage\6b0196b0afac6ad76408e048f707e615\redhat.java\jdt_ws --stdio

Host: Intel(R) Core(TM) i7-10700 CPU @ 2.90GHz, 16 cores, 15G,  Windows 10 , 64 bit Build 19041 (10.0.19041.3636)
Time: Thu Feb 15 14:33:10 2024 W. Europe Standard Time elapsed time: 0.792760 seconds (0d 0h 0m 0s)

---------------  T H R E A D  ---------------

Current thread (0x0000021e00352ed0):  JavaThread "C2 CompilerThread0" daemon [_thread_in_native, id=12232, stack(0x000000ff48a00000,0x000000ff48b00000)]


Current CompileTask:
C2:    792 1947   !   4       java.util.zip.ZipFile$ZipEntryIterator::next (71 bytes)

Stack: [0x000000ff48a00000,0x000000ff48b00000]
Native frames: (J=compiled Java code, j=interpreted, Vv=VM code, C=native code)
V  [jvm.dll+0x67d2c9]
V  [jvm.dll+0x834afa]
V  [jvm.dll+0x8365be]
V  [jvm.dll+0x836c23]
V  [jvm.dll+0x2477ff]
V  [jvm.dll+0xac514]
V  [jvm.dll+0xacb5c]
V  [jvm.dll+0x3667d7]
V  [jvm.dll+0x330bfa]
V  [jvm.dll+0x33009a]
V  [jvm.dll+0x219ef1]
V  [jvm.dll+0x219311]
V  [jvm.dll+0x1a502d]
V  [jvm.dll+0x2290de]
V  [jvm.dll+0x2272ac]
V  [jvm.dll+0x7e9bb7]
V  [jvm.dll+0x7e3fba]
V  [jvm.dll+0x67c1b5]
C  [ucrtbase.dll+0x21bb2]
C  [KERNEL32.DLL+0x17344]
C  [ntdll.dll+0x526b1]


---------------  P R O C E S S  ---------------

Threads class SMR info:
_java_thread_list=0x0000021e02544820, length=20, elements={
0x0000021e670b3830, 0x0000021e7af46820, 0x0000021e7af485c0, 0x0000021e003293a0,
0x0000021e00329e30, 0x0000021e0032acb0, 0x0000021e0032dcc0, 0x0000021e00352ed0,
0x0000021e003538d0, 0x0000021e0035caa0, 0x0000021e671174e0, 0x0000021e004e25a0,
0x0000021e00503510, 0x0000021e0052fc30, 0x0000021e006143d0, 0x0000021e022ac840,
0x0000021e0236d870, 0x0000021e0281da60, 0x0000021e02fb3930, 0x0000021e02bb67f0
}

Java Threads: ( => current thread )
  0x0000021e670b3830 JavaThread "main" [_thread_blocked, id=11904, stack(0x000000ff48100000,0x000000ff48200000)]
  0x0000021e7af46820 JavaThread "Reference Handler" daemon [_thread_blocked, id=21276, stack(0x000000ff48400000,0x000000ff48500000)]
  0x0000021e7af485c0 JavaThread "Finalizer" daemon [_thread_blocked, id=524, stack(0x000000ff48500000,0x000000ff48600000)]
  0x0000021e003293a0 JavaThread "Signal Dispatcher" daemon [_thread_blocked, id=22396, stack(0x000000ff48600000,0x000000ff48700000)]
  0x0000021e00329e30 JavaThread "Attach Listener" daemon [_thread_blocked, id=20988, stack(0x000000ff48700000,0x000000ff48800000)]
  0x0000021e0032acb0 JavaThread "Service Thread" daemon [_thread_blocked, id=9640, stack(0x000000ff48800000,0x000000ff48900000)]
  0x0000021e0032dcc0 JavaThread "Monitor Deflation Thread" daemon [_thread_blocked, id=9644, stack(0x000000ff48900000,0x000000ff48a00000)]
=>0x0000021e00352ed0 JavaThread "C2 CompilerThread0" daemon [_thread_in_native, id=12232, stack(0x000000ff48a00000,0x000000ff48b00000)]
  0x0000021e003538d0 JavaThread "C1 CompilerThread0" daemon [_thread_blocked, id=23164, stack(0x000000ff48b00000,0x000000ff48c00000)]
  0x0000021e0035caa0 JavaThread "Sweeper thread" daemon [_thread_blocked, id=19508, stack(0x000000ff48c00000,0x000000ff48d00000)]
  0x0000021e671174e0 JavaThread "Common-Cleaner" daemon [_thread_blocked, id=9752, stack(0x000000ff48d00000,0x000000ff48e00000)]
  0x0000021e004e25a0 JavaThread "C1 CompilerThread1" daemon [_thread_blocked, id=21236, stack(0x000000ff48e00000,0x000000ff48f00000)]
  0x0000021e00503510 JavaThread "C1 CompilerThread2" daemon [_thread_blocked, id=21024, stack(0x000000ff48f00000,0x000000ff49000000)]
  0x0000021e0052fc30 JavaThread "C2 CompilerThread1" daemon [_thread_in_native, id=6564, stack(0x000000ff49000000,0x000000ff49100000)]
  0x0000021e006143d0 JavaThread "C1 CompilerThread3" daemon [_thread_blocked, id=20400, stack(0x000000ff49100000,0x000000ff49200000)]
  0x0000021e022ac840 JavaThread "Notification Thread" daemon [_thread_blocked, id=2568, stack(0x000000ff49200000,0x000000ff49300000)]
  0x0000021e0236d870 JavaThread "C2 CompilerThread2" daemon [_thread_in_native, id=11728, stack(0x000000ff49400000,0x000000ff49500000)]
  0x0000021e0281da60 JavaThread "Active Thread: Equinox Container: bcfb530b-ecfb-4f47-b0d0-456a1c9c64ac" [_thread_blocked, id=11876, stack(0x000000ff49a00000,0x000000ff49b00000)]
  0x0000021e02fb3930 JavaThread "Framework Event Dispatcher: Equinox Container: bcfb530b-ecfb-4f47-b0d0-456a1c9c64ac" daemon [_thread_blocked, id=18660, stack(0x000000ff49b00000,0x000000ff49c00000)]
  0x0000021e02bb67f0 JavaThread "Start Level: Equinox Container: bcfb530b-ecfb-4f47-b0d0-456a1c9c64ac" daemon [_thread_in_native_trans, id=21248, stack(0x000000ff49c00000,0x000000ff49d00000)]

Other Threads:
  0x0000021e6716e610 VMThread "VM Thread" [stack: 0x000000ff48300000,0x000000ff48400000] [id=18340]
  0x0000021e022acf30 WatcherThread [stack: 0x000000ff49300000,0x000000ff49400000] [id=17804]
  0x0000021e670c9630 GCTaskThread "GC Thread#0" [stack: 0x000000ff48200000,0x000000ff48300000] [id=7508]
  0x0000021e029ec090 GCTaskThread "GC Thread#1" [stack: 0x000000ff49500000,0x000000ff49600000] [id=18572]
  0x0000021e029ecb70 GCTaskThread "GC Thread#2" [stack: 0x000000ff49600000,0x000000ff49700000] [id=18892]
  0x0000021e029ece30 GCTaskThread "GC Thread#3" [stack: 0x000000ff49700000,0x000000ff49800000] [id=22268]
  0x0000021e02990340 GCTaskThread "GC Thread#4" [stack: 0x000000ff49800000,0x000000ff49900000] [id=5740]
  0x0000021e02991420 GCTaskThread "GC Thread#5" [stack: 0x000000ff49900000,0x000000ff49a00000] [id=12388]
  0x0000021e64fe9b30 GCTaskThread "GC Thread#6" [stack: 0x000000ff49d00000,0x000000ff49e00000] [id=20432]
  0x0000021e02b62c10 GCTaskThread "GC Thread#7" [stack: 0x000000ff49e00000,0x000000ff49f00000] [id=22720]

Threads with active compile tasks:
C2 CompilerThread0      810 1947   !   4       java.util.zip.ZipFile$ZipEntryIterator::next (71 bytes)
C2 CompilerThread1      810 2029       4       java.util.Properties::loadConvert (540 bytes)
C2 CompilerThread2      810 2028 %     4       java.util.Properties$LineReader::readLine @ 53 (584 bytes)

VM state: not at safepoint (normal execution)

VM Mutex/Monitor currently owned by a thread: None

Heap address: 0x00000000c0000000, size: 1024 MB, Compressed Oops mode: 32-bit

CDS archive(s) not mapped
Compressed class space mapped at: 0x0000000100000000-0x0000000140000000, reserved size: 1073741824
Narrow klass base: 0x0000000000000000, Narrow klass shift: 3, Narrow klass range: 0x140000000

GC Precious Log:
 CPUs: 16 total, 16 available
 Memory: 16281M
 Large Page Support: Disabled
 NUMA Support: Disabled
 Compressed Oops: Enabled (32-bit)
 Alignments: Space 512K, Generation 512K, Heap 2M
 Heap Min Capacity: 100M
 Heap Initial Capacity: 100M
 Heap Max Capacity: 1G
 Pre-touch: Disabled
 Parallel Workers: 13

Heap:
 PSYoungGen      total 29696K, used 20713K [0x00000000eab00000, 0x00000000ecc00000, 0x0000000100000000)
  eden space 25600K, 65% used [0x00000000eab00000,0x00000000ebb55fa8,0x00000000ec400000)
  from space 4096K, 99% used [0x00000000ec800000,0x00000000ecbf8df0,0x00000000ecc00000)
  to   space 4096K, 0% used [0x00000000ec400000,0x00000000ec400000,0x00000000ec800000)
 ParOldGen       total 68608K, used 1385K [0x00000000c0000000, 0x00000000c4300000, 0x00000000eab00000)
  object space 68608K, 2% used [0x00000000c0000000,0x00000000c015a578,0x00000000c4300000)
 Metaspace       used 15723K, committed 15936K, reserved 1114112K
  class space    used 1571K, committed 1664K, reserved 1048576K

Card table byte_map: [0x0000021e66a50000,0x0000021e66c60000] _byte_map_base: 0x0000021e66450000

Marking Bits: (ParMarkBitMap*) 0x00007ffacddad7d0
 Begin Bits: [0x0000021e78d50000, 0x0000021e79d50000)
 End Bits:   [0x0000021e79d50000, 0x0000021e7ad50000)

Polling page: 0x0000021e64ed0000

Metaspace:

Usage:
  Non-class:     13.82 MB used.
      Class:      1.54 MB used.
       Both:     15.35 MB used.

Virtual space:
  Non-class space:       64.00 MB reserved,      13.94 MB ( 22%) committed,  1 nodes.
      Class space:        1.00 GB reserved,       1.62 MB ( <1%) committed,  1 nodes.
             Both:        1.06 GB reserved,      15.56 MB (  1%) committed. 

Chunk freelists:
   Non-Class:  2.02 MB
       Class:  14.38 MB
        Both:  16.39 MB

MaxMetaspaceSize: unlimited
CompressedClassSpaceSize: 1.00 GB
Initial GC threshold: 21.00 MB
Current GC threshold: 21.00 MB
CDS: off
MetaspaceReclaimPolicy: balanced
 - commit_granule_bytes: 65536.
 - commit_granule_words: 8192.
 - virtual_space_node_default_size: 8388608.
 - enlarge_chunks_in_place: 1.
 - new_chunks_are_fully_committed: 0.
 - uncommit_free_chunks: 1.
 - use_allocation_guard: 0.
 - handle_deallocations: 1.


Internal statistics:

num_allocs_failed_limit: 0.
num_arena_births: 100.
num_arena_deaths: 0.
num_vsnodes_births: 2.
num_vsnodes_deaths: 0.
num_space_committed: 249.
num_space_uncommitted: 0.
num_chunks_returned_to_freelist: 0.
num_chunks_taken_from_freelist: 318.
num_chunk_merges: 0.
num_chunk_splits: 202.
num_chunks_enlarged: 141.
num_inconsistent_stats: 0.

CodeHeap 'non-profiled nmethods': size=119168Kb used=868Kb max_used=868Kb free=118299Kb
 bounds [0x0000021e718f0000, 0x0000021e71b60000, 0x0000021e78d50000]
CodeHeap 'profiled nmethods': size=119104Kb used=3756Kb max_used=3756Kb free=115347Kb
 bounds [0x0000021e69d50000, 0x0000021e6a100000, 0x0000021e711a0000]
CodeHeap 'non-nmethods': size=7488Kb used=2861Kb max_used=2903Kb free=4626Kb
 bounds [0x0000021e711a0000, 0x0000021e71480000, 0x0000021e718f0000]
 total_blobs=2504 nmethods=2038 adapters=377
 compilation: enabled
              stopped_count=0, restarted_count=0
 full_count=0

Compilation events (20 events):
Event: 0.789 Thread 0x0000021e003538d0 nmethod 1985 0x0000021e6a0e2c90 code [0x0000021e6a0e2e20, 0x0000021e6a0e2f38]
Event: 0.789 Thread 0x0000021e004e25a0 nmethod 1984 0x0000021e6a0e3010 code [0x0000021e6a0e31c0, 0x0000021e6a0e3498]
Event: 0.789 Thread 0x0000021e00503510 nmethod 1983 0x0000021e6a0e3590 code [0x0000021e6a0e3760, 0x0000021e6a0e3b58]
Event: 0.789 Thread 0x0000021e00503510 1986       3       java.util.stream.Sink::begin (1 bytes)
Event: 0.789 Thread 0x0000021e00503510 nmethod 1986 0x0000021e6a0e3d10 code [0x0000021e6a0e3ea0, 0x0000021e6a0e3fb8]
Event: 0.789 Thread 0x0000021e00503510 1987       3       jdk.internal.misc.Unsafe::getLong (7 bytes)
Event: 0.789 Thread 0x0000021e00503510 nmethod 1987 0x0000021e6a0e4090 code [0x0000021e6a0e4220, 0x0000021e6a0e4338]
Event: 0.789 Thread 0x0000021e006143d0 nmethod 1982 0x0000021e6a0e4410 code [0x0000021e6a0e4680, 0x0000021e6a0e5528]
Event: 0.789 Thread 0x0000021e006143d0 1988       3       java.util.stream.AbstractSpinedBuffer::count (31 bytes)
Event: 0.789 Thread 0x0000021e006143d0 nmethod 1988 0x0000021e6a0e5a90 code [0x0000021e6a0e5c40, 0x0000021e6a0e5df8]
Event: 0.790 Thread 0x0000021e006143d0 1989       3       java.util.Collections$UnmodifiableCollection::isEmpty (10 bytes)
Event: 0.790 Thread 0x0000021e006143d0 nmethod 1989 0x0000021e6a0e5f10 code [0x0000021e6a0e60c0, 0x0000021e6a0e6288]
Event: 0.790 Thread 0x0000021e006143d0 1990       3       java.lang.Math::addExact (32 bytes)
Event: 0.790 Thread 0x0000021e006143d0 nmethod 1990 0x0000021e6a0e6390 code [0x0000021e6a0e6540, 0x0000021e6a0e6748]
Event: 0.790 Thread 0x0000021e006143d0 1991   !   3       org.eclipse.osgi.storage.BundleInfo$Generation::getContentType (17 bytes)
Event: 0.790 Thread 0x0000021e006143d0 nmethod 1991 0x0000021e6a0e6810 code [0x0000021e6a0e69a0, 0x0000021e6a0e6b98]
Event: 0.791 Thread 0x0000021e006143d0 1992       3       java.nio.Buffer::limit (65 bytes)
Event: 0.791 Thread 0x0000021e006143d0 nmethod 1992 0x0000021e6a0e6c90 code [0x0000021e6a0e6e40, 0x0000021e6a0e7108]
Event: 0.791 Thread 0x0000021e006143d0 1993       1       org.eclipse.osgi.internal.loader.classpath.ClasspathManager::getFragmentClasspaths (5 bytes)
Event: 0.791 Thread 0x0000021e006143d0 nmethod 1993 0x0000021e719bfa10 code [0x0000021e719bfba0, 0x0000021e719bfc78]

GC Heap History (4 events):
Event: 0.417 GC heap before
{Heap before GC invocations=1 (full 0):
 PSYoungGen      total 29696K, used 25600K [0x00000000eab00000, 0x00000000ecc00000, 0x0000000100000000)
  eden space 25600K, 100% used [0x00000000eab00000,0x00000000ec400000,0x00000000ec400000)
  from space 4096K, 0% used [0x00000000ec800000,0x00000000ec800000,0x00000000ecc00000)
  to   space 4096K, 0% used [0x00000000ec400000,0x00000000ec400000,0x00000000ec800000)
 ParOldGen       total 68608K, used 0K [0x00000000c0000000, 0x00000000c4300000, 0x00000000eab00000)
  object space 68608K, 0% used [0x00000000c0000000,0x00000000c0000000,0x00000000c4300000)
 Metaspace       used 10597K, committed 10752K, reserved 1114112K
  class space    used 1052K, committed 1088K, reserved 1048576K
}
Event: 0.420 GC heap after
{Heap after GC invocations=1 (full 0):
 PSYoungGen      total 29696K, used 3044K [0x00000000eab00000, 0x00000000ecc00000, 0x0000000100000000)
  eden space 25600K, 0% used [0x00000000eab00000,0x00000000eab00000,0x00000000ec400000)
  from space 4096K, 74% used [0x00000000ec400000,0x00000000ec6f9140,0x00000000ec800000)
  to   space 4096K, 0% used [0x00000000ec800000,0x00000000ec800000,0x00000000ecc00000)
 ParOldGen       total 68608K, used 16K [0x00000000c0000000, 0x00000000c4300000, 0x00000000eab00000)
  object space 68608K, 0% used [0x00000000c0000000,0x00000000c0004000,0x00000000c4300000)
 Metaspace       used 10597K, committed 10752K, reserved 1114112K
  class space    used 1052K, committed 1088K, reserved 1048576K
}
Event: 0.684 GC heap before
{Heap before GC invocations=2 (full 0):
 PSYoungGen      total 29696K, used 28640K [0x00000000eab00000, 0x00000000ecc00000, 0x0000000100000000)
  eden space 25600K, 99% used [0x00000000eab00000,0x00000000ec3ff180,0x00000000ec400000)
  from space 4096K, 74% used [0x00000000ec400000,0x00000000ec6f9140,0x00000000ec800000)
  to   space 4096K, 0% used [0x00000000ec800000,0x00000000ec800000,0x00000000ecc00000)
 ParOldGen       total 68608K, used 16K [0x00000000c0000000, 0x00000000c4300000, 0x00000000eab00000)
  object space 68608K, 0% used [0x00000000c0000000,0x00000000c0004000,0x00000000c4300000)
 Metaspace       used 14342K, committed 14464K, reserved 1114112K
  class space    used 1420K, committed 1472K, reserved 1048576K
}
Event: 0.688 GC heap after
{Heap after GC invocations=2 (full 0):
 PSYoungGen      total 29696K, used 4067K [0x00000000eab00000, 0x00000000ecc00000, 0x0000000100000000)
  eden space 25600K, 0% used [0x00000000eab00000,0x00000000eab00000,0x00000000ec400000)
  from space 4096K, 99% used [0x00000000ec800000,0x00000000ecbf8df0,0x00000000ecc00000)
  to   space 4096K, 0% used [0x00000000ec400000,0x00000000ec400000,0x00000000ec800000)
 ParOldGen       total 68608K, used 1385K [0x00000000c0000000, 0x00000000c4300000, 0x00000000eab00000)
  object space 68608K, 2% used [0x00000000c0000000,0x00000000c015a578,0x00000000c4300000)
 Metaspace       used 14342K, committed 14464K, reserved 1114112K
  class space    used 1420K, committed 1472K, reserved 1048576K
}

Dll operation events (9 events):
Event: 0.005 Loaded shared library c:\Users\samue\.vscode\extensions\redhat.java-1.27.0-win32-x64\jre\17.0.10-win32-x86_64\bin\java.dll
Event: 0.088 Loaded shared library c:\Users\samue\.vscode\extensions\redhat.java-1.27.0-win32-x64\jre\17.0.10-win32-x86_64\bin\zip.dll
Event: 0.090 Loaded shared library C:\Users\samue\.vscode\extensions\redhat.java-1.27.0-win32-x64\jre\17.0.10-win32-x86_64\bin\instrument.dll
Event: 0.097 Loaded shared library C:\Users\samue\.vscode\extensions\redhat.java-1.27.0-win32-x64\jre\17.0.10-win32-x86_64\bin\net.dll
Event: 0.098 Loaded shared library C:\Users\samue\.vscode\extensions\redhat.java-1.27.0-win32-x64\jre\17.0.10-win32-x86_64\bin\nio.dll
Event: 0.103 Loaded shared library C:\Users\samue\.vscode\extensions\redhat.java-1.27.0-win32-x64\jre\17.0.10-win32-x86_64\bin\zip.dll
Event: 0.112 Loaded shared library C:\Users\samue\.vscode\extensions\redhat.java-1.27.0-win32-x64\jre\17.0.10-win32-x86_64\bin\jimage.dll
Event: 0.146 Loaded shared library c:\Users\samue\.vscode\extensions\redhat.java-1.27.0-win32-x64\jre\17.0.10-win32-x86_64\bin\verify.dll
Event: 0.667 Loaded shared library C:\Users\samue\AppData\Roaming\Code\User\globalStorage\redhat.java\1.27.0\config_win\org.eclipse.equinox.launcher\org.eclipse.equinox.launcher.win32.win32.x86_64_1.2.900.v20240129-1338\eclipse_11900.dll

Deoptimization events (20 events):
Event: 0.723 Thread 0x0000021e02bb67f0 Uncommon trap: trap_request=0xffffffde fr.pc=0x0000021e7195cb9c relative=0x00000000000004bc
Event: 0.723 Thread 0x0000021e02bb67f0 Uncommon trap: reason=class_check action=maybe_recompile pc=0x0000021e7195cb9c method=java.io.DataInputStream.readInt()I @ 6 c2
Event: 0.723 Thread 0x0000021e02bb67f0 DEOPT PACKING pc=0x0000021e7195cb9c sp=0x000000ff49cfda20
Event: 0.723 Thread 0x0000021e02bb67f0 DEOPT UNPACKING pc=0x0000021e711f66a3 sp=0x000000ff49cfd9d8 mode 2
Event: 0.742 Thread 0x0000021e02bb67f0 Uncommon trap: trap_request=0xffffff45 fr.pc=0x0000021e71938074 relative=0x0000000000000074
Event: 0.742 Thread 0x0000021e02bb67f0 Uncommon trap: reason=unstable_if action=reinterpret pc=0x0000021e71938074 method=jdk.internal.misc.Unsafe.convEndian(ZJ)J @ 4 c2
Event: 0.742 Thread 0x0000021e02bb67f0 DEOPT PACKING pc=0x0000021e71938074 sp=0x000000ff49cfc430
Event: 0.742 Thread 0x0000021e02bb67f0 DEOPT UNPACKING pc=0x0000021e711f66a3 sp=0x000000ff49cfc358 mode 2
Event: 0.750 Thread 0x0000021e02bb67f0 Uncommon trap: trap_request=0xffffff45 fr.pc=0x0000021e719a3edc relative=0x0000000000000bbc
Event: 0.750 Thread 0x0000021e02bb67f0 Uncommon trap: reason=unstable_if action=reinterpret pc=0x0000021e719a3edc method=java.util.concurrent.ConcurrentHashMap.putVal(Ljava/lang/Object;Ljava/lang/Object;Z)Ljava/lang/Object; @ 148 c2
Event: 0.750 Thread 0x0000021e02bb67f0 DEOPT PACKING pc=0x0000021e719a3edc sp=0x000000ff49cfe230
Event: 0.750 Thread 0x0000021e02bb67f0 DEOPT UNPACKING pc=0x0000021e711f66a3 sp=0x000000ff49cfe1b0 mode 2
Event: 0.769 Thread 0x0000021e02bb67f0 Uncommon trap: trap_request=0xffffff45 fr.pc=0x0000021e71943ba8 relative=0x00000000000005e8
Event: 0.769 Thread 0x0000021e02bb67f0 Uncommon trap: reason=unstable_if action=reinterpret pc=0x0000021e71943ba8 method=java.util.jar.Manifest$FastInputStream.readLine([BII)I @ 130 c2
Event: 0.769 Thread 0x0000021e02bb67f0 DEOPT PACKING pc=0x0000021e71943ba8 sp=0x000000ff49cfd400
Event: 0.769 Thread 0x0000021e02bb67f0 DEOPT UNPACKING pc=0x0000021e711f66a3 sp=0x000000ff49cfd338 mode 2
Event: 0.787 Thread 0x0000021e02bb67f0 DEOPT PACKING pc=0x0000021e6a0af6c0 sp=0x000000ff49cfdc60
Event: 0.787 Thread 0x0000021e02bb67f0 DEOPT UNPACKING pc=0x0000021e711f6e43 sp=0x000000ff49cfd140 mode 0
Event: 0.791 Thread 0x0000021e02bb67f0 DEOPT PACKING pc=0x0000021e6a0af6c0 sp=0x000000ff49cfdc60
Event: 0.791 Thread 0x0000021e02bb67f0 DEOPT UNPACKING pc=0x0000021e711f6e43 sp=0x000000ff49cfd140 mode 0

Classes unloaded (0 events):
No events

Classes redefined (0 events):
No events

Internal exceptions (20 events):
Event: 0.388 Thread 0x0000021e670b3830 Exception <a 'java/lang/ClassNotFoundException'{0x00000000ec23dc58}: sun/net/www/protocol/c/Handler> (0x00000000ec23dc58) 
thrown [s\src\hotspot\share\classfile\systemDictionary.cpp, line 256]
Event: 0.393 Thread 0x0000021e670b3830 Exception <a 'java/io/FileNotFoundException'{0x00000000ec264de8}> (0x00000000ec264de8) 
thrown [s\src\hotspot\share\prims\jni.cpp, line 516]
Event: 0.410 Thread 0x0000021e670b3830 Implicit null exception at 0x0000021e71946d00 to 0x0000021e71947774
Event: 0.410 Thread 0x0000021e670b3830 Implicit null exception at 0x0000021e7193e66c to 0x0000021e7193e864
Event: 0.411 Thread 0x0000021e670b3830 Implicit null exception at 0x0000021e7193dfec to 0x0000021e7193e1d4
Event: 0.411 Thread 0x0000021e670b3830 Implicit null exception at 0x0000021e7193358f to 0x0000021e71933609
Event: 0.435 Thread 0x0000021e670b3830 Exception <a 'java/lang/NoSuchMethodError'{0x00000000eacb7190}: 'int java.lang.invoke.DirectMethodHandle$Holder.invokeStaticInit(java.lang.Object, java.lang.Object, java.lang.Object, java.lang.Object)'> (0x00000000eacb7190) 
thrown [s\src\hotspot\share\interpreter\linkResolver.cpp, line 759]
Event: 0.436 Thread 0x0000021e670b3830 Exception <a 'java/lang/NoSuchMethodError'{0x00000000eacc1908}: 'java.lang.Object java.lang.invoke.DirectMethodHandle$Holder.invokeInterface(java.lang.Object, java.lang.Object)'> (0x00000000eacc1908) 
thrown [s\src\hotspot\share\interpreter\linkResolver.cpp, line 759]
Event: 0.436 Thread 0x0000021e670b3830 Exception <a 'java/lang/IncompatibleClassChangeError'{0x00000000eacc5100}: Found class java.lang.Object, but interface was expected> (0x00000000eacc5100) 
thrown [s\src\hotspot\share\interpreter\linkResolver.cpp, line 826]
Event: 0.437 Thread 0x0000021e670b3830 Exception <a 'java/lang/NoSuchMethodError'{0x00000000eacc95f0}: 'void java.lang.invoke.DirectMethodHandle$Holder.invokeStatic(java.lang.Object, java.lang.Object)'> (0x00000000eacc95f0) 
thrown [s\src\hotspot\share\interpreter\linkResolver.cpp, line 759]
Event: 0.437 Thread 0x0000021e670b3830 Exception <a 'java/lang/NoSuchMethodError'{0x00000000eacccdf0}: 'void java.lang.invoke.DirectMethodHandle$Holder.invokeStaticInit(java.lang.Object, java.lang.Object)'> (0x00000000eacccdf0) 
thrown [s\src\hotspot\share\interpreter\linkResolver.cpp, line 759]
Event: 0.438 Thread 0x0000021e670b3830 Exception <a 'java/lang/NoSuchMethodError'{0x00000000eacd4270}: 'int java.lang.invoke.DirectMethodHandle$Holder.invokeStaticInit(java.lang.Object, java.lang.Object)'> (0x00000000eacd4270) 
thrown [s\src\hotspot\share\interpreter\linkResolver.cpp, line 759]
Event: 0.456 Thread 0x0000021e670b3830 Exception <a 'java/lang/NoSuchMethodError'{0x00000000eae1df08}: 'void java.lang.invoke.DirectMethodHandle$Holder.invokeSpecial(java.lang.Object, java.lang.Object, java.lang.Object)'> (0x00000000eae1df08) 
thrown [s\src\hotspot\share\interpreter\linkResolver.cpp, line 759]
Event: 0.591 Thread 0x0000021e670b3830 Exception <a 'java/lang/NoSuchMethodError'{0x00000000ebc25b48}: 'java.lang.Object java.lang.invoke.DirectMethodHandle$Holder.newInvokeSpecial(java.lang.Object, int, java.lang.Object)'> (0x00000000ebc25b48) 
thrown [s\src\hotspot\share\interpreter\linkResolver.cpp, line 759]
Event: 0.665 Thread 0x0000021e670b3830 Exception <a 'java/lang/UnsatisfiedLinkError'{0x00000000ec1c9888}: 'void org.eclipse.equinox.launcher.JNIBridge._update_splash()'> (0x00000000ec1c9888) 
thrown [s\src\hotspot\share\prims\nativeLookup.cpp, line 543]
Event: 0.700 Thread 0x0000021e02bb67f0 Exception <a 'java/lang/NoSuchMethodError'{0x00000000eac22180}: 'java.lang.Object java.lang.invoke.DirectMethodHandle$Holder.invokeStaticInit(java.lang.Object)'> (0x00000000eac22180) 
thrown [s\src\hotspot\share\interpreter\linkResolver.cpp, line 759]
Event: 0.710 Thread 0x0000021e02bb67f0 Exception <a 'java/lang/NoSuchMethodError'{0x00000000eaceb260}: 'java.lang.Object java.lang.invoke.DirectMethodHandle$Holder.newInvokeSpecial(java.lang.Object, java.lang.Object, int, java.lang.Object)'> (0x00000000eaceb260) 
thrown [s\src\hotspot\share\interpreter\linkResolver.cpp, line 759]
Event: 0.710 Thread 0x0000021e02bb67f0 Exception <a 'java/lang/NoSuchMethodError'{0x00000000eacef548}: 'java.lang.Object java.lang.invoke.DirectMethodHandle$Holder.invokeSpecial(java.lang.Object, java.lang.Object, java.lang.Object, int, java.lang.Object)'> (0x00000000eacef548) 
thrown [s\src\hotspot\share\interpreter\linkResolver.cpp, line 759]
Event: 0.726 Thread 0x0000021e02bb67f0 Exception <a 'java/lang/NoSuchMethodError'{0x00000000eaf7a468}: 'java.lang.Object java.lang.invoke.DirectMethodHandle$Holder.invokeStatic(java.lang.Object, int, java.lang.Object)'> (0x00000000eaf7a468) 
thrown [s\src\hotspot\share\interpreter\linkResolver.cpp, line 759]
Event: 0.735 Thread 0x0000021e02bb67f0 Exception <a 'java/lang/ClassNotFoundException'{0x00000000eb03fe70}: sun/util/logging/resources/spi/loggingProvider> (0x00000000eb03fe70) 
thrown [s\src\hotspot\share\classfile\systemDictionary.cpp, line 256]

VM Operations (20 events):
Event: 0.579 Executing VM operation: HandshakeAllThreads
Event: 0.579 Executing VM operation: HandshakeAllThreads done
Event: 0.579 Executing VM operation: HandshakeAllThreads
Event: 0.579 Executing VM operation: HandshakeAllThreads done
Event: 0.582 Executing VM operation: HandshakeAllThreads
Event: 0.582 Executing VM operation: HandshakeAllThreads done
Event: 0.589 Executing VM operation: HandshakeAllThreads
Event: 0.589 Executing VM operation: HandshakeAllThreads done
Event: 0.677 Executing VM operation: ICBufferFull
Event: 0.677 Executing VM operation: ICBufferFull done
Event: 0.684 Executing VM operation: ParallelGCFailedAllocation
Event: 0.688 Executing VM operation: ParallelGCFailedAllocation done
Event: 0.694 Executing VM operation: HandshakeAllThreads
Event: 0.694 Executing VM operation: HandshakeAllThreads done
Event: 0.723 Executing VM operation: HandshakeAllThreads
Event: 0.723 Executing VM operation: HandshakeAllThreads done
Event: 0.742 Executing VM operation: HandshakeAllThreads
Event: 0.742 Executing VM operation: HandshakeAllThreads done
Event: 0.750 Executing VM operation: HandshakeAllThreads
Event: 0.750 Executing VM operation: HandshakeAllThreads done

Events (20 events):
Event: 0.744 loading class sun/util/resources/Bundles$CacheKey
Event: 0.744 loading class sun/util/resources/Bundles$CacheKey done
Event: 0.744 loading class java/util/ResourceBundle$NoFallbackControl
Event: 0.744 loading class java/util/ResourceBundle$SingleFormatControl
Event: 0.744 loading class java/util/ResourceBundle$SingleFormatControl done
Event: 0.744 loading class java/util/ResourceBundle$NoFallbackControl done
Event: 0.744 loading class sun/text/resources/cldr/FormatData
Event: 0.744 loading class sun/text/resources/cldr/FormatData done
Event: 0.744 loading class sun/util/resources/Bundles$BundleReference
Event: 0.744 loading class sun/util/resources/Bundles$CacheKeyReference
Event: 0.744 loading class sun/util/resources/Bundles$CacheKeyReference done
Event: 0.744 loading class sun/util/resources/Bundles$BundleReference done
Event: 0.744 loading class sun/text/resources/cldr/FormatData_en
Event: 0.744 loading class sun/text/resources/cldr/FormatData_en done
Event: 0.745 loading class sun/text/resources/cldr/FormatData_en_US
Event: 0.745 loading class sun/text/resources/cldr/FormatData_en_US done
Event: 0.745 loading class java/time/LocalTime$1
Event: 0.745 loading class java/time/LocalTime$1 done
Event: 0.745 loading class java/util/Formattable
Event: 0.745 loading class java/util/Formattable done


Dynamic libraries:
0x00007ff62edc0000 - 0x00007ff62edce000 	c:\Users\samue\.vscode\extensions\redhat.java-1.27.0-win32-x64\jre\17.0.10-win32-x86_64\bin\java.exe
0x00007ffb4bd10000 - 0x00007ffb4bf08000 	C:\WINDOWS\SYSTEM32\ntdll.dll
0x00007ffb4bc10000 - 0x00007ffb4bccd000 	C:\WINDOWS\System32\KERNEL32.DLL
0x00007ffb499c0000 - 0x00007ffb49cb6000 	C:\WINDOWS\System32\KERNELBASE.dll
0x00007ffb498c0000 - 0x00007ffb499c0000 	C:\WINDOWS\System32\ucrtbase.dll
0x00007ffb360e0000 - 0x00007ffb360fb000 	c:\Users\samue\.vscode\extensions\redhat.java-1.27.0-win32-x64\jre\17.0.10-win32-x86_64\bin\VCRUNTIME140.dll
0x00007ffb360c0000 - 0x00007ffb360d7000 	c:\Users\samue\.vscode\extensions\redhat.java-1.27.0-win32-x64\jre\17.0.10-win32-x86_64\bin\jli.dll
0x00007ffb4b1b0000 - 0x00007ffb4b34e000 	C:\WINDOWS\System32\USER32.dll
0x00007ffb31750000 - 0x00007ffb319ea000 	C:\WINDOWS\WinSxS\amd64_microsoft.windows.common-controls_6595b64144ccf1df_6.0.19041.3636_none_60b6a03d71f818d5\COMCTL32.dll
0x00007ffb49840000 - 0x00007ffb49862000 	C:\WINDOWS\System32\win32u.dll
0x00007ffb4b8c0000 - 0x00007ffb4b8ec000 	C:\WINDOWS\System32\GDI32.dll
0x00007ffb4b350000 - 0x00007ffb4b3ee000 	C:\WINDOWS\System32\msvcrt.dll
0x00007ffb493e0000 - 0x00007ffb494fa000 	C:\WINDOWS\System32\gdi32full.dll
0x00007ffb49cc0000 - 0x00007ffb49d5d000 	C:\WINDOWS\System32\msvcp_win.dll
0x00007ffb4b3f0000 - 0x00007ffb4b420000 	C:\WINDOWS\System32\IMM32.DLL
0x00007ffb38d20000 - 0x00007ffb38d2c000 	c:\Users\samue\.vscode\extensions\redhat.java-1.27.0-win32-x64\jre\17.0.10-win32-x86_64\bin\vcruntime140_1.dll
0x00007ffb16fd0000 - 0x00007ffb1705d000 	c:\Users\samue\.vscode\extensions\redhat.java-1.27.0-win32-x64\jre\17.0.10-win32-x86_64\bin\msvcp140.dll
0x00007ffacd210000 - 0x00007ffacde72000 	c:\Users\samue\.vscode\extensions\redhat.java-1.27.0-win32-x64\jre\17.0.10-win32-x86_64\bin\server\jvm.dll
0x00007ffb4b8f0000 - 0x00007ffb4b9a3000 	C:\WINDOWS\System32\ADVAPI32.dll
0x00007ffb4ba90000 - 0x00007ffb4bb2f000 	C:\WINDOWS\System32\sechost.dll
0x00007ffb4a780000 - 0x00007ffb4a8a6000 	C:\WINDOWS\System32\RPCRT4.dll
0x00007ffb49780000 - 0x00007ffb497a7000 	C:\WINDOWS\System32\bcrypt.dll
0x00007ffb44ce0000 - 0x00007ffb44ce9000 	C:\WINDOWS\SYSTEM32\WSOCK32.dll
0x00007ffb48930000 - 0x00007ffb4897b000 	C:\WINDOWS\SYSTEM32\POWRPROF.dll
0x00007ffb3d420000 - 0x00007ffb3d447000 	C:\WINDOWS\SYSTEM32\WINMM.dll
0x00007ffb4b9b0000 - 0x00007ffb4ba1b000 	C:\WINDOWS\System32\WS2_32.dll
0x00007ffb43930000 - 0x00007ffb4393a000 	C:\WINDOWS\SYSTEM32\VERSION.dll
0x00007ffb487f0000 - 0x00007ffb48802000 	C:\WINDOWS\SYSTEM32\UMPDC.dll
0x00007ffb47490000 - 0x00007ffb474a2000 	C:\WINDOWS\SYSTEM32\kernel.appcore.dll
0x00007ffb360b0000 - 0x00007ffb360ba000 	c:\Users\samue\.vscode\extensions\redhat.java-1.27.0-win32-x64\jre\17.0.10-win32-x86_64\bin\jimage.dll
0x00007ffb47110000 - 0x00007ffb472f4000 	C:\WINDOWS\SYSTEM32\DBGHELP.DLL
0x00007ffb1eb60000 - 0x00007ffb1eb94000 	C:\WINDOWS\SYSTEM32\dbgcore.DLL
0x00007ffb497b0000 - 0x00007ffb49832000 	C:\WINDOWS\System32\bcryptPrimitives.dll
0x00007ffb360a0000 - 0x00007ffb360ae000 	c:\Users\samue\.vscode\extensions\redhat.java-1.27.0-win32-x64\jre\17.0.10-win32-x86_64\bin\instrument.dll
0x00007ffb36070000 - 0x00007ffb36095000 	c:\Users\samue\.vscode\extensions\redhat.java-1.27.0-win32-x64\jre\17.0.10-win32-x86_64\bin\java.dll
0x00007ffb24f30000 - 0x00007ffb24f48000 	c:\Users\samue\.vscode\extensions\redhat.java-1.27.0-win32-x64\jre\17.0.10-win32-x86_64\bin\zip.dll
0x00007ffb4aa60000 - 0x00007ffb4b1a5000 	C:\WINDOWS\System32\SHELL32.dll
0x00007ffb474b0000 - 0x00007ffb47c4b000 	C:\WINDOWS\SYSTEM32\windows.storage.dll
0x00007ffb4b560000 - 0x00007ffb4b8b4000 	C:\WINDOWS\System32\combase.dll
0x00007ffb48e10000 - 0x00007ffb48e3d000 	C:\WINDOWS\SYSTEM32\Wldp.dll
0x00007ffb49f30000 - 0x00007ffb49fdd000 	C:\WINDOWS\System32\SHCORE.dll
0x00007ffb4a040000 - 0x00007ffb4a095000 	C:\WINDOWS\System32\shlwapi.dll
0x00007ffb49310000 - 0x00007ffb49335000 	C:\WINDOWS\SYSTEM32\profapi.dll
0x00007ffb24f10000 - 0x00007ffb24f29000 	C:\Users\samue\.vscode\extensions\redhat.java-1.27.0-win32-x64\jre\17.0.10-win32-x86_64\bin\net.dll
0x00007ffb42c00000 - 0x00007ffb42d0a000 	C:\WINDOWS\SYSTEM32\WINHTTP.dll
0x00007ffb48b70000 - 0x00007ffb48bda000 	C:\WINDOWS\system32\mswsock.dll
0x00007ffb24ef0000 - 0x00007ffb24f06000 	C:\Users\samue\.vscode\extensions\redhat.java-1.27.0-win32-x64\jre\17.0.10-win32-x86_64\bin\nio.dll
0x00007ffb35450000 - 0x00007ffb35460000 	c:\Users\samue\.vscode\extensions\redhat.java-1.27.0-win32-x64\jre\17.0.10-win32-x86_64\bin\verify.dll
0x00007ffb16f90000 - 0x00007ffb16fce000 	C:\Users\samue\AppData\Roaming\Code\User\globalStorage\redhat.java\1.27.0\config_win\org.eclipse.equinox.launcher\org.eclipse.equinox.launcher.win32.win32.x86_64_1.2.900.v20240129-1338\eclipse_11900.dll
0x00007ffb49e00000 - 0x00007ffb49f2b000 	C:\WINDOWS\System32\ole32.dll

dbghelp: loaded successfully - version: 4.0.5 - missing functions: none
symbol engine: initialized successfully - sym options: 0x614 - pdb path: .;c:\Users\samue\.vscode\extensions\redhat.java-1.27.0-win32-x64\jre\17.0.10-win32-x86_64\bin;C:\WINDOWS\SYSTEM32;C:\WINDOWS\WinSxS\amd64_microsoft.windows.common-controls_6595b64144ccf1df_6.0.19041.3636_none_60b6a03d71f818d5;c:\Users\samue\.vscode\extensions\redhat.java-1.27.0-win32-x64\jre\17.0.10-win32-x86_64\bin\server;C:\Users\samue\AppData\Roaming\Code\User\globalStorage\redhat.java\1.27.0\config_win\org.eclipse.equinox.launcher\org.eclipse.equinox.launcher.win32.win32.x86_64_1.2.900.v20240129-1338

VM Arguments:
jvm_args: --add-modules=ALL-SYSTEM --add-opens=java.base/java.util=ALL-UNNAMED --add-opens=java.base/java.lang=ALL-UNNAMED --add-opens=java.base/sun.nio.fs=ALL-UNNAMED -Declipse.application=org.eclipse.jdt.ls.core.id1 -Dosgi.bundles.defaultStartLevel=4 -Declipse.product=org.eclipse.jdt.ls.core.product -Djava.import.generatesMetadataFilesAtProjectRoot=false -DDetectVMInstallationsJob.disabled=true -Dfile.encoding=utf8 -XX:+UseParallelGC -XX:GCTimeRatio=4 -XX:AdaptiveSizePolicyWeight=90 -Dsun.zip.disableMemoryMapping=true -Xmx1G -Xms100m -Xlog:disable -javaagent:c:\Users\samue\.vscode\extensions\redhat.java-1.27.0-win32-x64\lombok\lombok-1.18.31.jar -XX:+HeapDumpOnOutOfMemoryError -XX:HeapDumpPath=c:\Users\samue\AppData\Roaming\Code\User\workspaceStorage\6b0196b0afac6ad76408e048f707e615\redhat.java -Daether.dependencyCollector.impl=bf 
java_command: c:\Users\samue\.vscode\extensions\redhat.java-1.27.0-win32-x64\server\plugins\org.eclipse.equinox.launcher_1.6.700.v20231214-2017.jar -configuration c:\Users\samue\AppData\Roaming\Code\User\globalStorage\redhat.java\1.27.0\config_win -data c:\Users\samue\AppData\Roaming\Code\User\workspaceStorage\6b0196b0afac6ad76408e048f707e615\redhat.java\jdt_ws --stdio
java_class_path (initial): c:\Users\samue\.vscode\extensions\redhat.java-1.27.0-win32-x64\server\plugins\org.eclipse.equinox.launcher_1.6.700.v20231214-2017.jar
Launcher Type: SUN_STANDARD

[Global flags]
    uintx AdaptiveSizePolicyWeight                 = 90                                        {product} {command line}
     intx CICompilerCount                          = 12                                        {product} {ergonomic}
    uintx GCTimeRatio                              = 4                                         {product} {command line}
     bool HeapDumpOnOutOfMemoryError               = true                                   {manageable} {command line}
    ccstr HeapDumpPath                             = c:\Users\samue\AppData\Roaming\Code\User\workspaceStorage\6b0196b0afac6ad76408e048f707e615\redhat.java         {manageable} {command line}
   size_t InitialHeapSize                          = 104857600                                 {product} {command line}
   size_t MaxHeapSize                              = 1073741824                                {product} {command line}
   size_t MaxNewSize                               = 357564416                                 {product} {ergonomic}
   size_t MinHeapDeltaBytes                        = 524288                                    {product} {ergonomic}
   size_t MinHeapSize                              = 104857600                                 {product} {command line}
   size_t NewSize                                  = 34603008                                  {product} {ergonomic}
    uintx NonNMethodCodeHeapSize                   = 7602480                                {pd product} {ergonomic}
    uintx NonProfiledCodeHeapSize                  = 122027880                              {pd product} {ergonomic}
   size_t OldSize                                  = 70254592                                  {product} {ergonomic}
    uintx ProfiledCodeHeapSize                     = 122027880                              {pd product} {ergonomic}
    uintx ReservedCodeCacheSize                    = 251658240                              {pd product} {ergonomic}
     bool SegmentedCodeCache                       = true                                      {product} {ergonomic}
   size_t SoftMaxHeapSize                          = 1073741824                             {manageable} {ergonomic}
     bool UseCompressedClassPointers               = true                           {product lp64_product} {ergonomic}
     bool UseCompressedOops                        = true                           {product lp64_product} {ergonomic}
     bool UseLargePagesIndividualAllocation        = false                                  {pd product} {ergonomic}
     bool UseParallelGC                            = true                                      {product} {command line}

Logging:
Log output configuration:
 #0: stdout all=off uptime,level,tags
 #1: stderr all=off uptime,level,tags

Environment Variables:
JAVA_HOME=C:\Users\samue\.jdks\openjdk-19.0.2
PATH=C:\Program Files (x86)\Razer\ChromaBroadcast\bin;C:\Program Files\Razer\ChromaBroadcast\bin;C:\Python311\Scripts\;C:\Python311\;C:\Program Files\Eclipse Adoptium\jdk-17.0.1.12-hotspot\bin;C:\Program Files\Common Files\Oracle\Java\javapath;C:\Program Files (x86)\Common Files\Oracle\Java\javapath;C:\Program Files\Eclipse Foundation\jdk-11.0.12.7-hotspot\bin;C:\WINDOWS\system32;C:\WINDOWS;C:\WINDOWS\System32\Wbem;C:\WINDOWS\System32\WindowsPowerShell\v1.0\;C:\WINDOWS\System32\OpenSSH\;C:\Program Files (x86)\NVIDIA Corporation\PhysX\Common;C:\Program Files\RedHat\java-1.8.0-openjdk-1.8.0.302-1\bin;C:\Program Files\RedHat\java-1.8.0-openjdk-1.8.0.302-1\jre\bin;C:\Program Files\Git\cmd;C:\Program Files\dotnet\;C:\ProgramData\chocolatey\bin;C:\WINDOWS\system32\config\systemprofile\AppData\Local\Microsoft\WindowsApps;C:\Program Files\Microsoft SQL Server\150\Tools\Binn\;C:\Program Files\Microsoft SQL Server\Client SDK\ODBC\170\Tools\Binn\;C:\Program Files (x86)\Windows Kits\10\Windows Performance Toolkit\;C:\Program Files\NVIDIA Corporation\NVIDIA NvDLISR;D:\Node\;C:\Program Files (x86)\Google\Cloud SDK\google-cloud-sdk\bin;C:\Program Files\Docker\Docker\resources\bin;C:\Users\samue\.cargo\bin;C:\Program Files\MySQL\MySQL Shell 8.0\bin\;C:\Users\samue\AppData\Local\Microsoft\WindowsApps;C:\Users\samue\AppData\Local\Programs\Microsoft VS Code\bin;C:\Users\samue\AppData\Local\GitHubDesktop\bin;C:\Java Libraries\apache-maven-3.8.5\bin;C:\Users\samue\AppData\Local\JetBrains\Toolbox\scripts;C:\Program Files\Neovim\bin;C:\Users\samue\AppData\Roaming\npm;C:\Program Files\JetBrains\RustRover 233.11799.306\bin;
USERNAME=samue
OS=Windows_NT
PROCESSOR_IDENTIFIER=Intel64 Family 6 Model 165 Stepping 5, GenuineIntel
TMP=C:\Users\samue\AppData\Local\Temp
TEMP=C:\Users\samue\AppData\Local\Temp



Periodic native trim disabled


---------------  S Y S T E M  ---------------

OS:
 Windows 10 , 64 bit Build 19041 (10.0.19041.3636)
OS uptime: 0 days 20:17 hours

CPU: total 16 (initial active 16) (8 cores per cpu, 2 threads per core) family 6 model 165 stepping 5 microcode 0xc8, cx8, cmov, fxsr, ht, mmx, 3dnowpref, sse, sse2, sse3, ssse3, sse4.1, sse4.2, popcnt, lzcnt, tsc, tscinvbit, avx, avx2, aes, erms, clmul, bmi1, bmi2, adx, fma, vzeroupper, clflush, clflushopt
Processor Information for all 16 processors :
  Max Mhz: 2904, Current Mhz: 2904, Mhz Limit: 2904

Memory: 4k page, system-wide physical 16281M (686M free)
TotalPageFile size 32562M (AvailPageFile size 1M)
current process WorkingSet (physical memory assigned to process): 101M, peak: 101M
current process commit charge ("private bytes"): 233M, peak: 233M

vm_info: OpenJDK 64-Bit Server VM (17.0.10+7) for windows-amd64 JRE (17.0.10+7), built on Jan 16 2024 23:25:11 by "admin" with MS VC++ 16.10 / 16.11 (VS2019)

END.
